[debug] [2025-07-20T03:44:20.683Z] ----------------------------------------------------------------------
[debug] [2025-07-20T03:44:20.685Z] Command:       C:\Program Files\nodejs\node.exe C:\Program Files\nodejs\node_modules\firebase-tools\lib\bin\firebase.js deploy --only hosting
[debug] [2025-07-20T03:44:20.686Z] CLI Version:   14.11.0
[debug] [2025-07-20T03:44:20.686Z] Platform:      win32
[debug] [2025-07-20T03:44:20.686Z] Node Version:  v20.14.0
[debug] [2025-07-20T03:44:20.686Z] Time:          Sun Jul 20 2025 10:44:20 GMT+0700 (Indochina Time)
[debug] [2025-07-20T03:44:20.686Z] ----------------------------------------------------------------------
[debug] 
[debug] [2025-07-20T03:44:20.898Z] > command requires scopes: ["email","openid","https://www.googleapis.com/auth/cloudplatformprojects.readonly","https://www.googleapis.com/auth/firebase","https://www.googleapis.com/auth/cloud-platform"]
[debug] [2025-07-20T03:44:20.898Z] > authorizing via signed-in user (ptientr.dev@gmail.com)
[debug] [2025-07-20T03:44:20.898Z] [iam] checking project staging for permissions ["firebase.projects.get","firebasehosting.sites.update"]
[debug] [2025-07-20T03:44:20.899Z] Checked if tokens are valid: false, expires at: 1752982970450
[debug] [2025-07-20T03:44:20.899Z] Checked if tokens are valid: false, expires at: 1752982970450
[debug] [2025-07-20T03:44:20.900Z] > refreshing access token with scopes: []
[debug] [2025-07-20T03:44:20.902Z] >>> [apiv2][query] POST https://www.googleapis.com/oauth2/v3/token [none]
[debug] [2025-07-20T03:44:20.902Z] >>> [apiv2][body] POST https://www.googleapis.com/oauth2/v3/token [omitted]
[debug] [2025-07-20T03:44:21.333Z] <<< [apiv2][status] POST https://www.googleapis.com/oauth2/v3/token 200
[debug] [2025-07-20T03:44:21.333Z] <<< [apiv2][body] POST https://www.googleapis.com/oauth2/v3/token [omitted]
[debug] [2025-07-20T03:44:21.375Z] >>> [apiv2][query] POST https://cloudresourcemanager.googleapis.com/v1/projects/staging:testIamPermissions [none]
[debug] [2025-07-20T03:44:21.375Z] >>> [apiv2][(partial)header] POST https://cloudresourcemanager.googleapis.com/v1/projects/staging:testIamPermissions x-goog-quota-user=projects/staging
[debug] [2025-07-20T03:44:21.375Z] >>> [apiv2][body] POST https://cloudresourcemanager.googleapis.com/v1/projects/staging:testIamPermissions {"permissions":["firebase.projects.get","firebasehosting.sites.update"]}
[debug] [2025-07-20T03:44:22.662Z] <<< [apiv2][status] POST https://cloudresourcemanager.googleapis.com/v1/projects/staging:testIamPermissions 200
[debug] [2025-07-20T03:44:22.662Z] <<< [apiv2][body] POST https://cloudresourcemanager.googleapis.com/v1/projects/staging:testIamPermissions {}
[debug] [2025-07-20T03:44:22.663Z] [iam] error while checking permissions, command may fail: Authorization failed. This account is missing the following required permissions on project staging:

  firebase.projects.get
  firebasehosting.sites.update
[debug] [2025-07-20T03:44:22.663Z] Checked if tokens are valid: true, expires at: 1752986660333
[debug] [2025-07-20T03:44:22.663Z] Checked if tokens are valid: true, expires at: 1752986660333
[debug] [2025-07-20T03:44:22.664Z] >>> [apiv2][query] GET https://firebase.googleapis.com/v1beta1/projects/staging [none]
[debug] [2025-07-20T03:44:23.298Z] <<< [apiv2][status] GET https://firebase.googleapis.com/v1beta1/projects/staging 403
[debug] [2025-07-20T03:44:23.298Z] <<< [apiv2][body] GET https://firebase.googleapis.com/v1beta1/projects/staging {"error":{"code":403,"message":"The caller does not have permission","status":"PERMISSION_DENIED"}}
[debug] [2025-07-20T03:44:23.298Z] Request to https://firebase.googleapis.com/v1beta1/projects/staging had HTTP Error: 403, The caller does not have permission
[debug] [2025-07-20T03:44:23.650Z] FirebaseError: Request to https://firebase.googleapis.com/v1beta1/projects/staging had HTTP Error: 403, The caller does not have permission
    at responseToError (C:\Users\phuct\AppData\Roaming\nvm\v20.14.0\node_modules\firebase-tools\lib\responseToError.js:52:12)
    at RetryOperation._fn (C:\Users\phuct\AppData\Roaming\nvm\v20.14.0\node_modules\firebase-tools\lib\apiv2.js:312:77)
    at process.processTicksAndRejections (node:internal/process/task_queues:95:5)
[error] 
[error] Error: Failed to get Firebase project staging. Please make sure the project exists and your account has permission to access it.
